<?xml version="1.0" encoding="UTF-8"?>
<!-- Generated by org.testng.reporters.JUnitReportReporter -->
<testsuite skipped="0" hostname="DESKTOP-S49M3S5" name="com.rahul.ChromeNodesTest1" tests="1" failures="0" timestamp="2020-07-23T16:48:26 EDT" time="28.005" errors="0">
  <testcase name="test1" time="28.005" classname="com.rahul.ChromeNodesTest1"/>
  <system-out/>
</testsuite> <!-- com.rahul.ChromeNodesTest1 -->
