<?xml version="1.0" encoding="UTF-8"?>
<!-- Generated by org.testng.reporters.JUnitReportReporter -->
<testsuite skipped="0" hostname="DESKTOP-S49M3S5" name="com.rahul.ChromeNodesTest3" tests="1" failures="0" timestamp="2020-07-23T16:48:26 EDT" time="30.554" errors="0">
  <testcase name="test3" time="30.554" classname="com.rahul.ChromeNodesTest3"/>
  <system-out/>
</testsuite> <!-- com.rahul.ChromeNodesTest3 -->
