<?xml version="1.0" encoding="UTF-8"?>
<!-- Generated by org.testng.reporters.JUnitReportReporter -->
<testsuite skipped="0" hostname="DESKTOP-S49M3S5" name="com.rahul.ChromeNodesTest2" tests="1" failures="0" timestamp="2020-07-23T16:48:26 EDT" time="25.940" errors="0">
  <testcase name="test2" time="25.940" classname="com.rahul.ChromeNodesTest2"/>
  <system-out/>
</testsuite> <!-- com.rahul.ChromeNodesTest2 -->
